{"name": "Тест проверки перехода по клику на «История заказов» авторизованным пользователем ", "status": "broken", "statusDetails": {"message": "selenium.common.exceptions.ElementClickInterceptedException: Message: Element <p class=\"AppHeader_header__linkText__3q_va ml-2\"> is not clickable at point (1507,44) because another element <div class=\"Modal_modal_overlay__x2ZCr\"> obscures it\nStacktrace:\nRemoteError@chrome://remote/content/shared/RemoteError.sys.mjs:8:8\nWebDriverError@chrome://remote/content/shared/webdriver/Errors.sys.mjs:193:5\nElementClickInterceptedError@chrome://remote/content/shared/webdriver/Errors.sys.mjs:337:5\nwebdriverClickElement@chrome://remote/content/marionette/interaction.sys.mjs:176:11\ninteraction.clickElement@chrome://remote/content/marionette/interaction.sys.mjs:135:11\nclickElement@chrome://remote/content/marionette/actors/MarionetteCommandsChild.sys.mjs:204:29\nreceiveMessage@chrome://remote/content/marionette/actors/MarionetteCommandsChild.sys.mjs:84:31", "trace": "self = <tests.test_personal_area_page.TestPersonalAreaPage object at 0x0000017E17D00EC0>\ndriver = <selenium.webdriver.firefox.webdriver.WebDriver (session=\"0e7e5e51-ad13-41b9-b734-1cdda370c329\")>\nregister_new_user_and_return_login_password = ['zigxtdp@yandex.ru', 'wcycckiicf', 'neobjni']\n\n    @allure.title('Тест проверки перехода по клику на «История заказов» авторизованным пользователем ')\n    @allure.description('''1)Создаем пользователя и авторизуемся\n                            2)кликаем на кнопку «Личный кабинет» в хедере\n                            3)кликаем на кнопку История заказов\n                            2)Проверяем отображение элемента формы истории заказов для подтверждения перехода  ''')\n    def test_click_order_history_button_with_authorization(self,driver,register_new_user_and_return_login_password):\n        user = PersonalAreaPage(driver)\n        header_page = HeaderPage(driver)\n        header_page.click_header_personal_area_button()\n        user.login_user(register_new_user_and_return_login_password)\n>       header_page.click_header_personal_area_button()\n\ntests\\test_personal_area_page.py:34: \n_ _ _ _ _ _ _ _ _ _ _ _ _ _ _ _ _ _ _ _ _ _ _ _ _ _ _ _ _ _ _ _ _ _ _ _ _ _ _ _ _ _ _ _ _ _ _ _ _ _ _ _ _ _ _ _ _ _ _ _ _ _ _ _ _ _ _ _ _ _ _ _ _ _ _ _ _ _ _ _ _ _ _\npages\\main_page.py:13: in click_header_personal_area_button\n    self.click_to_element((MainPageLocators.LOG_IN_TO_YOUR_PERSONAL_ACCOUNT))\npages\\base_page.py:28: in click_to_element\n    self.driver.find_element(*locator).click()\n..\\..\\..\\AppData\\Local\\Programs\\Python\\Python312\\Lib\\site-packages\\selenium\\webdriver\\remote\\webelement.py:94: in click\n    self._execute(Command.CLICK_ELEMENT)\n..\\..\\..\\AppData\\Local\\Programs\\Python\\Python312\\Lib\\site-packages\\selenium\\webdriver\\remote\\webelement.py:395: in _execute\n    return self._parent.execute(command, params)\n..\\..\\..\\AppData\\Local\\Programs\\Python\\Python312\\Lib\\site-packages\\selenium\\webdriver\\remote\\webdriver.py:347: in execute\n    self.error_handler.check_response(response)\n_ _ _ _ _ _ _ _ _ _ _ _ _ _ _ _ _ _ _ _ _ _ _ _ _ _ _ _ _ _ _ _ _ _ _ _ _ _ _ _ _ _ _ _ _ _ _ _ _ _ _ _ _ _ _ _ _ _ _ _ _ _ _ _ _ _ _ _ _ _ _ _ _ _ _ _ _ _ _ _ _ _ _\n\nself = <selenium.webdriver.remote.errorhandler.ErrorHandler object at 0x0000017E17D8B380>\nresponse = {'status': 400, 'value': '{\"value\":{\"error\":\"element click intercepted\",\"message\":\"Element <p class=\\\\\"AppHeader_heade...sys.mjs:204:29\\\\nreceiveMessage@chrome://remote/content/marionette/actors/MarionetteCommandsChild.sys.mjs:84:31\\\\n\"}}'}\n\n    def check_response(self, response: Dict[str, Any]) -> None:\n        \"\"\"Checks that a JSON response from the WebDriver does not have an\n        error.\n    \n        :Args:\n         - response - The JSON response from the WebDriver server as a dictionary\n           object.\n    \n        :Raises: If the response contains an error message.\n        \"\"\"\n        status = response.get(\"status\", None)\n        if not status or status == ErrorCode.SUCCESS:\n            return\n        value = None\n        message = response.get(\"message\", \"\")\n        screen: str = response.get(\"screen\", \"\")\n        stacktrace = None\n        if isinstance(status, int):\n            value_json = response.get(\"value\", None)\n            if value_json and isinstance(value_json, str):\n                import json\n    \n                try:\n                    value = json.loads(value_json)\n                    if len(value) == 1:\n                        value = value[\"value\"]\n                    status = value.get(\"error\", None)\n                    if not status:\n                        status = value.get(\"status\", ErrorCode.UNKNOWN_ERROR)\n                        message = value.get(\"value\") or value.get(\"message\")\n                        if not isinstance(message, str):\n                            value = message\n                            message = message.get(\"message\")\n                    else:\n                        message = value.get(\"message\", None)\n                except ValueError:\n                    pass\n    \n        exception_class: Type[WebDriverException]\n        e = ErrorCode()\n        error_codes = [item for item in dir(e) if not item.startswith(\"__\")]\n        for error_code in error_codes:\n            error_info = getattr(ErrorCode, error_code)\n            if isinstance(error_info, list) and status in error_info:\n                exception_class = getattr(ExceptionMapping, error_code, WebDriverException)\n                break\n        else:\n            exception_class = WebDriverException\n    \n        if not value:\n            value = response[\"value\"]\n        if isinstance(value, str):\n            raise exception_class(value)\n        if message == \"\" and \"message\" in value:\n            message = value[\"message\"]\n    \n        screen = None  # type: ignore[assignment]\n        if \"screen\" in value:\n            screen = value[\"screen\"]\n    \n        stacktrace = None\n        st_value = value.get(\"stackTrace\") or value.get(\"stacktrace\")\n        if st_value:\n            if isinstance(st_value, str):\n                stacktrace = st_value.split(\"\\n\")\n            else:\n                stacktrace = []\n                try:\n                    for frame in st_value:\n                        line = frame.get(\"lineNumber\", \"\")\n                        file = frame.get(\"fileName\", \"<anonymous>\")\n                        if line:\n                            file = f\"{file}:{line}\"\n                        meth = frame.get(\"methodName\", \"<anonymous>\")\n                        if \"className\" in frame:\n                            meth = f\"{frame['className']}.{meth}\"\n                        msg = \"    at %s (%s)\"\n                        msg = msg % (meth, file)\n                        stacktrace.append(msg)\n                except TypeError:\n                    pass\n        if exception_class == UnexpectedAlertPresentException:\n            alert_text = None\n            if \"data\" in value:\n                alert_text = value[\"data\"].get(\"text\")\n            elif \"alert\" in value:\n                alert_text = value[\"alert\"].get(\"text\")\n            raise exception_class(message, screen, stacktrace, alert_text)  # type: ignore[call-arg]  # mypy is not smart enough here\n>       raise exception_class(message, screen, stacktrace)\nE       selenium.common.exceptions.ElementClickInterceptedException: Message: Element <p class=\"AppHeader_header__linkText__3q_va ml-2\"> is not clickable at point (1507,44) because another element <div class=\"Modal_modal_overlay__x2ZCr\"> obscures it\nE       Stacktrace:\nE       RemoteError@chrome://remote/content/shared/RemoteError.sys.mjs:8:8\nE       WebDriverError@chrome://remote/content/shared/webdriver/Errors.sys.mjs:193:5\nE       ElementClickInterceptedError@chrome://remote/content/shared/webdriver/Errors.sys.mjs:337:5\nE       webdriverClickElement@chrome://remote/content/marionette/interaction.sys.mjs:176:11\nE       interaction.clickElement@chrome://remote/content/marionette/interaction.sys.mjs:135:11\nE       clickElement@chrome://remote/content/marionette/actors/MarionetteCommandsChild.sys.mjs:204:29\nE       receiveMessage@chrome://remote/content/marionette/actors/MarionetteCommandsChild.sys.mjs:84:31\n\n..\\..\\..\\AppData\\Local\\Programs\\Python\\Python312\\Lib\\site-packages\\selenium\\webdriver\\remote\\errorhandler.py:229: ElementClickInterceptedException"}, "description": "1)Создаем пользователя и авторизуемся\n                            2)кликаем на кнопку «Личный кабинет» в хедере \n                            3)кликаем на кнопку История заказов\n                            2)Проверяем отображение элемента формы истории заказов для подтверждения перехода  ", "steps": [{"name": "Открываем браузер Chrome", "status": "passed", "parameters": [{"name": "driver", "value": "<selenium.webdriver.firefox.webdriver.WebDriver (session=\"0e7e5e51-ad13-41b9-b734-1cdda370c329\")>"}], "start": 1716230031147, "stop": 1716230031147}, {"name": "Открываем браузер Chrome", "status": "passed", "parameters": [{"name": "driver", "value": "<selenium.webdriver.firefox.webdriver.WebDriver (session=\"0e7e5e51-ad13-41b9-b734-1cdda370c329\")>"}], "start": 1716230031148, "stop": 1716230031148}, {"name": " Кликаем на кнопку \"Личный кабинет\" в хедере  ", "status": "passed", "steps": [{"name": "Кликаем на элемент применяя ожидание, чтобы элемент стал кликабельным ", "status": "passed", "parameters": [{"name": "locator", "value": "('xpath', '//*[text()=\"Личный Кабинет\"]')"}], "start": 1716230031148, "stop": 1716230031426}], "start": 1716230031148, "stop": 1716230031426}, {"name": "Авторизовываемся в личном кабинете ", "status": "passed", "steps": [{"name": "Добавляем текст в  элемент применяя ожидание, чтобы элемент стал видимым ", "status": "passed", "steps": [{"name": "Находим элемент применяя ожидание, чтобы элемент стал видимым ", "status": "passed", "parameters": [{"name": "locator", "value": "('xpath', '//label[text()=\"Email\"]/following-sibling::input')"}], "start": 1716230031426, "stop": 1716230031441}], "parameters": [{"name": "locator", "value": "('xpath', '//label[text()=\"Email\"]/following-sibling::input')"}, {"name": "text", "value": "'zigxtdp@yandex.ru'"}], "start": 1716230031426, "stop": 1716230031491}, {"name": "Добавляем текст в  элемент применяя ожидание, чтобы элемент стал видимым ", "status": "passed", "steps": [{"name": "Находим элемент применяя ожидание, чтобы элемент стал видимым ", "status": "passed", "parameters": [{"name": "locator", "value": "('xpath', '//label[text()=\"Пароль\"]/following-sibling::input')"}], "start": 1716230031491, "stop": 1716230031506}], "parameters": [{"name": "locator", "value": "('xpath', '//label[text()=\"Пароль\"]/following-sibling::input')"}, {"name": "text", "value": "'wcycckiicf'"}], "start": 1716230031491, "stop": 1716230031524}, {"name": "Кликаем на элемент применяя ожидание, чтобы элемент стал кликабельным ", "status": "passed", "parameters": [{"name": "locator", "value": "('xpath', '//button[text()=\"Войти\"]')"}], "start": 1716230031524, "stop": 1716230031758}], "parameters": [{"name": "register_new_user_and_return_login_password", "value": "['zigxtdp@yandex.ru', 'wcycckiicf', 'neobjni']"}], "start": 1716230031426, "stop": 1716230031758}, {"name": " Кликаем на кнопку \"Личный кабинет\" в хедере  ", "status": "broken", "statusDetails": {"message": "selenium.common.exceptions.ElementClickInterceptedException: Message: Element <p class=\"AppHeader_header__linkText__3q_va ml-2\"> is not clickable at point (1507,44) because another element <div class=\"Modal_modal_overlay__x2ZCr\"> obscures it\nStacktrace:\nRemoteError@chrome://remote/content/shared/RemoteError.sys.mjs:8:8\nWebDriverError@chrome://remote/content/shared/webdriver/Errors.sys.mjs:193:5\nElementClickInterceptedError@chrome://remote/content/shared/webdriver/Errors.sys.mjs:337:5\nwebdriverClickElement@chrome://remote/content/marionette/interaction.sys.mjs:176:11\ninteraction.clickElement@chrome://remote/content/marionette/interaction.sys.mjs:135:11\nclickElement@chrome://remote/content/marionette/actors/MarionetteCommandsChild.sys.mjs:204:29\nreceiveMessage@chrome://remote/content/marionette/actors/MarionetteCommandsChild.sys.mjs:84:31\n\n", "trace": "  File \"C:\\Users\\79612\\AppData\\Local\\Programs\\Python\\Python312\\Lib\\site-packages\\allure_commons\\_allure.py\", line 192, in impl\n    return func(*a, **kw)\n           ^^^^^^^^^^^^^^\n  File \"C:\\Users\\79612\\PycharmProjects\\Diplom\\Diplom_3\\pages\\main_page.py\", line 13, in click_header_personal_area_button\n    self.click_to_element((MainPageLocators.LOG_IN_TO_YOUR_PERSONAL_ACCOUNT))\n  File \"C:\\Users\\79612\\AppData\\Local\\Programs\\Python\\Python312\\Lib\\site-packages\\allure_commons\\_allure.py\", line 192, in impl\n    return func(*a, **kw)\n           ^^^^^^^^^^^^^^\n  File \"C:\\Users\\79612\\PycharmProjects\\Diplom\\Diplom_3\\pages\\base_page.py\", line 28, in click_to_element\n    self.driver.find_element(*locator).click()\n  File \"C:\\Users\\79612\\AppData\\Local\\Programs\\Python\\Python312\\Lib\\site-packages\\selenium\\webdriver\\remote\\webelement.py\", line 94, in click\n    self._execute(Command.CLICK_ELEMENT)\n  File \"C:\\Users\\79612\\AppData\\Local\\Programs\\Python\\Python312\\Lib\\site-packages\\selenium\\webdriver\\remote\\webelement.py\", line 395, in _execute\n    return self._parent.execute(command, params)\n           ^^^^^^^^^^^^^^^^^^^^^^^^^^^^^^^^^^^^^\n  File \"C:\\Users\\79612\\AppData\\Local\\Programs\\Python\\Python312\\Lib\\site-packages\\selenium\\webdriver\\remote\\webdriver.py\", line 347, in execute\n    self.error_handler.check_response(response)\n  File \"C:\\Users\\79612\\AppData\\Local\\Programs\\Python\\Python312\\Lib\\site-packages\\selenium\\webdriver\\remote\\errorhandler.py\", line 229, in check_response\n    raise exception_class(message, screen, stacktrace)\n"}, "steps": [{"name": "Кликаем на элемент применяя ожидание, чтобы элемент стал кликабельным ", "status": "broken", "statusDetails": {"message": "selenium.common.exceptions.ElementClickInterceptedException: Message: Element <p class=\"AppHeader_header__linkText__3q_va ml-2\"> is not clickable at point (1507,44) because another element <div class=\"Modal_modal_overlay__x2ZCr\"> obscures it\nStacktrace:\nRemoteError@chrome://remote/content/shared/RemoteError.sys.mjs:8:8\nWebDriverError@chrome://remote/content/shared/webdriver/Errors.sys.mjs:193:5\nElementClickInterceptedError@chrome://remote/content/shared/webdriver/Errors.sys.mjs:337:5\nwebdriverClickElement@chrome://remote/content/marionette/interaction.sys.mjs:176:11\ninteraction.clickElement@chrome://remote/content/marionette/interaction.sys.mjs:135:11\nclickElement@chrome://remote/content/marionette/actors/MarionetteCommandsChild.sys.mjs:204:29\nreceiveMessage@chrome://remote/content/marionette/actors/MarionetteCommandsChild.sys.mjs:84:31\n\n", "trace": "  File \"C:\\Users\\79612\\AppData\\Local\\Programs\\Python\\Python312\\Lib\\site-packages\\allure_commons\\_allure.py\", line 192, in impl\n    return func(*a, **kw)\n           ^^^^^^^^^^^^^^\n  File \"C:\\Users\\79612\\PycharmProjects\\Diplom\\Diplom_3\\pages\\base_page.py\", line 28, in click_to_element\n    self.driver.find_element(*locator).click()\n  File \"C:\\Users\\79612\\AppData\\Local\\Programs\\Python\\Python312\\Lib\\site-packages\\selenium\\webdriver\\remote\\webelement.py\", line 94, in click\n    self._execute(Command.CLICK_ELEMENT)\n  File \"C:\\Users\\79612\\AppData\\Local\\Programs\\Python\\Python312\\Lib\\site-packages\\selenium\\webdriver\\remote\\webelement.py\", line 395, in _execute\n    return self._parent.execute(command, params)\n           ^^^^^^^^^^^^^^^^^^^^^^^^^^^^^^^^^^^^^\n  File \"C:\\Users\\79612\\AppData\\Local\\Programs\\Python\\Python312\\Lib\\site-packages\\selenium\\webdriver\\remote\\webdriver.py\", line 347, in execute\n    self.error_handler.check_response(response)\n  File \"C:\\Users\\79612\\AppData\\Local\\Programs\\Python\\Python312\\Lib\\site-packages\\selenium\\webdriver\\remote\\errorhandler.py\", line 229, in check_response\n    raise exception_class(message, screen, stacktrace)\n"}, "parameters": [{"name": "locator", "value": "('xpath', '//*[text()=\"Личный Кабинет\"]')"}], "start": 1716230031758, "stop": 1716230031793}], "start": 1716230031758, "stop": 1716230031793}], "parameters": [{"name": "driver", "value": "'firefox'"}], "start": 1716230031147, "stop": 1716230031794, "uuid": "e4ee95b6-7844-43f6-a12f-025abd65e66f", "historyId": "15ba44708d0213d840de6bc352148e85", "testCaseId": "3fc79793e0a76edcb0d38dc70535a206", "fullName": "tests.test_personal_area_page.TestPersonalAreaPage#test_click_order_history_button_with_authorization", "labels": [{"name": "parentSuite", "value": "tests"}, {"name": "suite", "value": "test_personal_area_page"}, {"name": "subSuite", "value": "TestPersonalAreaPage"}, {"name": "host", "value": "LAPTOP-0Q6BABTN"}, {"name": "thread", "value": "26320-MainThread"}, {"name": "framework", "value": "pytest"}, {"name": "language", "value": "cpython3"}, {"name": "package", "value": "tests.test_personal_area_page"}]}