{"name": "Тестируем отображение заказа пользователя из раздела «История заказов» на странице «Лента заказов»", "status": "broken", "statusDetails": {"message": "selenium.common.exceptions.ElementClickInterceptedException: Message: Element <a class=\"Account_link__2ETsJ text text_type_main-medium text_color_inactive\" href=\"/account/order-history\"> is not clickable at point (442,307) because another element <div class=\"Modal_modal_overlay__x2ZCr\"> obscures it\nStacktrace:\nRemoteError@chrome://remote/content/shared/RemoteError.sys.mjs:8:8\nWebDriverError@chrome://remote/content/shared/webdriver/Errors.sys.mjs:193:5\nElementClickInterceptedError@chrome://remote/content/shared/webdriver/Errors.sys.mjs:337:5\nwebdriverClickElement@chrome://remote/content/marionette/interaction.sys.mjs:176:11\ninteraction.clickElement@chrome://remote/content/marionette/interaction.sys.mjs:135:11\nclickElement@chrome://remote/content/marionette/actors/MarionetteCommandsChild.sys.mjs:204:29\nreceiveMessage@chrome://remote/content/marionette/actors/MarionetteCommandsChild.sys.mjs:84:31", "trace": "self = <tests.test_order_page.TestOrderPage object at 0x0000017E17D009B0>\ndriver = <selenium.webdriver.firefox.webdriver.WebDriver (session=\"e730f6ff-2c35-4869-b41d-93897b2df421\")>\nregister_new_user_and_return_login_password = ['cekeiii@yandex.ru', 'goyjdpiyym', 'hsqaeke'], authorization_user = <Response [200]>\n\n    @allure.title('Тестируем отображение заказа пользователя из раздела «История заказов»'\n                  ' на странице «Лента заказов»')\n    @allure.description('''1)создаем пользователя и авторизуемся с помощью фикстуры\n                           2)создаем заказ под авторизованным пользователем с помощью API и получаем номер заказа\n                           3)сравниваем номер заказа странице «История заказов» и «Лента заказов»  ''')\n    def test_users_history_in_orders_feed(self, driver,register_new_user_and_return_login_password, authorization_user):\n        header_page = HeaderPage(driver)\n        order_page = OrderPage(driver)\n        user = PersonalAreaPage(driver)\n        header_page.click_header_personal_area_button()\n        user.login_user(register_new_user_and_return_login_password)\n        create_order(authorization_user)\n        header_page.click_header_personal_area_button()\n>       user.click_order_history_button_with_authorization()\n\ntests\\test_order_page.py:88: \n_ _ _ _ _ _ _ _ _ _ _ _ _ _ _ _ _ _ _ _ _ _ _ _ _ _ _ _ _ _ _ _ _ _ _ _ _ _ _ _ _ _ _ _ _ _ _ _ _ _ _ _ _ _ _ _ _ _ _ _ _ _ _ _ _ _ _ _ _ _ _ _ _ _ _ _ _ _ _ _ _ _ _\npages\\personal_area_page.py:27: in click_order_history_button_with_authorization\n    self.click_to_element((PersonalAreaLocators.BTN_ORDER_HISTORY))\npages\\base_page.py:28: in click_to_element\n    self.driver.find_element(*locator).click()\n..\\..\\..\\AppData\\Local\\Programs\\Python\\Python312\\Lib\\site-packages\\selenium\\webdriver\\remote\\webelement.py:94: in click\n    self._execute(Command.CLICK_ELEMENT)\n..\\..\\..\\AppData\\Local\\Programs\\Python\\Python312\\Lib\\site-packages\\selenium\\webdriver\\remote\\webelement.py:395: in _execute\n    return self._parent.execute(command, params)\n..\\..\\..\\AppData\\Local\\Programs\\Python\\Python312\\Lib\\site-packages\\selenium\\webdriver\\remote\\webdriver.py:347: in execute\n    self.error_handler.check_response(response)\n_ _ _ _ _ _ _ _ _ _ _ _ _ _ _ _ _ _ _ _ _ _ _ _ _ _ _ _ _ _ _ _ _ _ _ _ _ _ _ _ _ _ _ _ _ _ _ _ _ _ _ _ _ _ _ _ _ _ _ _ _ _ _ _ _ _ _ _ _ _ _ _ _ _ _ _ _ _ _ _ _ _ _\n\nself = <selenium.webdriver.remote.errorhandler.ErrorHandler object at 0x0000017E17D03D10>\nresponse = {'status': 400, 'value': '{\"value\":{\"error\":\"element click intercepted\",\"message\":\"Element <a class=\\\\\"Account_link__2...sys.mjs:204:29\\\\nreceiveMessage@chrome://remote/content/marionette/actors/MarionetteCommandsChild.sys.mjs:84:31\\\\n\"}}'}\n\n    def check_response(self, response: Dict[str, Any]) -> None:\n        \"\"\"Checks that a JSON response from the WebDriver does not have an\n        error.\n    \n        :Args:\n         - response - The JSON response from the WebDriver server as a dictionary\n           object.\n    \n        :Raises: If the response contains an error message.\n        \"\"\"\n        status = response.get(\"status\", None)\n        if not status or status == ErrorCode.SUCCESS:\n            return\n        value = None\n        message = response.get(\"message\", \"\")\n        screen: str = response.get(\"screen\", \"\")\n        stacktrace = None\n        if isinstance(status, int):\n            value_json = response.get(\"value\", None)\n            if value_json and isinstance(value_json, str):\n                import json\n    \n                try:\n                    value = json.loads(value_json)\n                    if len(value) == 1:\n                        value = value[\"value\"]\n                    status = value.get(\"error\", None)\n                    if not status:\n                        status = value.get(\"status\", ErrorCode.UNKNOWN_ERROR)\n                        message = value.get(\"value\") or value.get(\"message\")\n                        if not isinstance(message, str):\n                            value = message\n                            message = message.get(\"message\")\n                    else:\n                        message = value.get(\"message\", None)\n                except ValueError:\n                    pass\n    \n        exception_class: Type[WebDriverException]\n        e = ErrorCode()\n        error_codes = [item for item in dir(e) if not item.startswith(\"__\")]\n        for error_code in error_codes:\n            error_info = getattr(ErrorCode, error_code)\n            if isinstance(error_info, list) and status in error_info:\n                exception_class = getattr(ExceptionMapping, error_code, WebDriverException)\n                break\n        else:\n            exception_class = WebDriverException\n    \n        if not value:\n            value = response[\"value\"]\n        if isinstance(value, str):\n            raise exception_class(value)\n        if message == \"\" and \"message\" in value:\n            message = value[\"message\"]\n    \n        screen = None  # type: ignore[assignment]\n        if \"screen\" in value:\n            screen = value[\"screen\"]\n    \n        stacktrace = None\n        st_value = value.get(\"stackTrace\") or value.get(\"stacktrace\")\n        if st_value:\n            if isinstance(st_value, str):\n                stacktrace = st_value.split(\"\\n\")\n            else:\n                stacktrace = []\n                try:\n                    for frame in st_value:\n                        line = frame.get(\"lineNumber\", \"\")\n                        file = frame.get(\"fileName\", \"<anonymous>\")\n                        if line:\n                            file = f\"{file}:{line}\"\n                        meth = frame.get(\"methodName\", \"<anonymous>\")\n                        if \"className\" in frame:\n                            meth = f\"{frame['className']}.{meth}\"\n                        msg = \"    at %s (%s)\"\n                        msg = msg % (meth, file)\n                        stacktrace.append(msg)\n                except TypeError:\n                    pass\n        if exception_class == UnexpectedAlertPresentException:\n            alert_text = None\n            if \"data\" in value:\n                alert_text = value[\"data\"].get(\"text\")\n            elif \"alert\" in value:\n                alert_text = value[\"alert\"].get(\"text\")\n            raise exception_class(message, screen, stacktrace, alert_text)  # type: ignore[call-arg]  # mypy is not smart enough here\n>       raise exception_class(message, screen, stacktrace)\nE       selenium.common.exceptions.ElementClickInterceptedException: Message: Element <a class=\"Account_link__2ETsJ text text_type_main-medium text_color_inactive\" href=\"/account/order-history\"> is not clickable at point (442,307) because another element <div class=\"Modal_modal_overlay__x2ZCr\"> obscures it\nE       Stacktrace:\nE       RemoteError@chrome://remote/content/shared/RemoteError.sys.mjs:8:8\nE       WebDriverError@chrome://remote/content/shared/webdriver/Errors.sys.mjs:193:5\nE       ElementClickInterceptedError@chrome://remote/content/shared/webdriver/Errors.sys.mjs:337:5\nE       webdriverClickElement@chrome://remote/content/marionette/interaction.sys.mjs:176:11\nE       interaction.clickElement@chrome://remote/content/marionette/interaction.sys.mjs:135:11\nE       clickElement@chrome://remote/content/marionette/actors/MarionetteCommandsChild.sys.mjs:204:29\nE       receiveMessage@chrome://remote/content/marionette/actors/MarionetteCommandsChild.sys.mjs:84:31\n\n..\\..\\..\\AppData\\Local\\Programs\\Python\\Python312\\Lib\\site-packages\\selenium\\webdriver\\remote\\errorhandler.py:229: ElementClickInterceptedException"}, "description": "1)создаем пользователя и авторизуемся с помощью фикстуры\n                           2)создаем заказ под авторизованным пользователем с помощью API и получаем номер заказа\n                           3)сравниваем номер заказа странице «История заказов» и «Лента заказов»  ", "steps": [{"name": "Открываем браузер Chrome", "status": "passed", "parameters": [{"name": "driver", "value": "<selenium.webdriver.firefox.webdriver.WebDriver (session=\"e730f6ff-2c35-4869-b41d-93897b2df421\")>"}], "start": 1716229966976, "stop": 1716229966976}, {"name": "Открываем браузер Chrome", "status": "passed", "parameters": [{"name": "driver", "value": "<selenium.webdriver.firefox.webdriver.WebDriver (session=\"e730f6ff-2c35-4869-b41d-93897b2df421\")>"}], "start": 1716229966976, "stop": 1716229966976}, {"name": "Открываем браузер Chrome", "status": "passed", "parameters": [{"name": "driver", "value": "<selenium.webdriver.firefox.webdriver.WebDriver (session=\"e730f6ff-2c35-4869-b41d-93897b2df421\")>"}], "start": 1716229966976, "stop": 1716229966976}, {"name": " Кликаем на кнопку \"Личный кабинет\" в хедере  ", "status": "passed", "steps": [{"name": "Кликаем на элемент применяя ожидание, чтобы элемент стал кликабельным ", "status": "passed", "parameters": [{"name": "locator", "value": "('xpath', '//*[text()=\"Личный Кабинет\"]')"}], "start": 1716229966976, "stop": 1716229967250}], "start": 1716229966976, "stop": 1716229967250}, {"name": "Авторизовываемся в личном кабинете ", "status": "passed", "steps": [{"name": "Добавляем текст в  элемент применяя ожидание, чтобы элемент стал видимым ", "status": "passed", "steps": [{"name": "Находим элемент применяя ожидание, чтобы элемент стал видимым ", "status": "passed", "parameters": [{"name": "locator", "value": "('xpath', '//label[text()=\"Email\"]/following-sibling::input')"}], "start": 1716229967251, "stop": 1716229967267}], "parameters": [{"name": "locator", "value": "('xpath', '//label[text()=\"Email\"]/following-sibling::input')"}, {"name": "text", "value": "'cekeiii@yandex.ru'"}], "start": 1716229967250, "stop": 1716229967317}, {"name": "Добавляем текст в  элемент применяя ожидание, чтобы элемент стал видимым ", "status": "passed", "steps": [{"name": "Находим элемент применяя ожидание, чтобы элемент стал видимым ", "status": "passed", "parameters": [{"name": "locator", "value": "('xpath', '//label[text()=\"Пароль\"]/following-sibling::input')"}], "start": 1716229967317, "stop": 1716229967331}], "parameters": [{"name": "locator", "value": "('xpath', '//label[text()=\"Пароль\"]/following-sibling::input')"}, {"name": "text", "value": "'goyjdpiyym'"}], "start": 1716229967317, "stop": 1716229967350}, {"name": "Кликаем на элемент применяя ожидание, чтобы элемент стал кликабельным ", "status": "passed", "parameters": [{"name": "locator", "value": "('xpath', '//button[text()=\"Войти\"]')"}], "start": 1716229967350, "stop": 1716229967584}], "parameters": [{"name": "register_new_user_and_return_login_password", "value": "['cekeiii@yandex.ru', 'goyjdpiyym', 'hsqaeke']"}], "start": 1716229967250, "stop": 1716229967584}, {"name": "Создание заказа с ингредиентами при авторизованном пользователе ", "status": "passed", "parameters": [{"name": "authorization_user", "value": "<Response [200]>"}], "start": 1716229967585, "stop": 1716229977598}, {"name": " Кликаем на кнопку \"Личный кабинет\" в хедере  ", "status": "passed", "steps": [{"name": "Кликаем на элемент применяя ожидание, чтобы элемент стал кликабельным ", "status": "passed", "parameters": [{"name": "locator", "value": "('xpath', '//*[text()=\"Личный Кабинет\"]')"}], "start": 1716229977598, "stop": 1716229977843}], "start": 1716229977598, "stop": 1716229977843}, {"name": " Переход в раздел «История заказов»  и ожидаем чтобы элемент \"форма истории заказов\" стал видимым ", "status": "broken", "statusDetails": {"message": "selenium.common.exceptions.ElementClickInterceptedException: Message: Element <a class=\"Account_link__2ETsJ text text_type_main-medium text_color_inactive\" href=\"/account/order-history\"> is not clickable at point (442,307) because another element <div class=\"Modal_modal_overlay__x2ZCr\"> obscures it\nStacktrace:\nRemoteError@chrome://remote/content/shared/RemoteError.sys.mjs:8:8\nWebDriverError@chrome://remote/content/shared/webdriver/Errors.sys.mjs:193:5\nElementClickInterceptedError@chrome://remote/content/shared/webdriver/Errors.sys.mjs:337:5\nwebdriverClickElement@chrome://remote/content/marionette/interaction.sys.mjs:176:11\ninteraction.clickElement@chrome://remote/content/marionette/interaction.sys.mjs:135:11\nclickElement@chrome://remote/content/marionette/actors/MarionetteCommandsChild.sys.mjs:204:29\nreceiveMessage@chrome://remote/content/marionette/actors/MarionetteCommandsChild.sys.mjs:84:31\n\n", "trace": "  File \"C:\\Users\\79612\\AppData\\Local\\Programs\\Python\\Python312\\Lib\\site-packages\\allure_commons\\_allure.py\", line 192, in impl\n    return func(*a, **kw)\n           ^^^^^^^^^^^^^^\n  File \"C:\\Users\\79612\\PycharmProjects\\Diplom\\Diplom_3\\pages\\personal_area_page.py\", line 27, in click_order_history_button_with_authorization\n    self.click_to_element((PersonalAreaLocators.BTN_ORDER_HISTORY))\n  File \"C:\\Users\\79612\\AppData\\Local\\Programs\\Python\\Python312\\Lib\\site-packages\\allure_commons\\_allure.py\", line 192, in impl\n    return func(*a, **kw)\n           ^^^^^^^^^^^^^^\n  File \"C:\\Users\\79612\\PycharmProjects\\Diplom\\Diplom_3\\pages\\base_page.py\", line 28, in click_to_element\n    self.driver.find_element(*locator).click()\n  File \"C:\\Users\\79612\\AppData\\Local\\Programs\\Python\\Python312\\Lib\\site-packages\\selenium\\webdriver\\remote\\webelement.py\", line 94, in click\n    self._execute(Command.CLICK_ELEMENT)\n  File \"C:\\Users\\79612\\AppData\\Local\\Programs\\Python\\Python312\\Lib\\site-packages\\selenium\\webdriver\\remote\\webelement.py\", line 395, in _execute\n    return self._parent.execute(command, params)\n           ^^^^^^^^^^^^^^^^^^^^^^^^^^^^^^^^^^^^^\n  File \"C:\\Users\\79612\\AppData\\Local\\Programs\\Python\\Python312\\Lib\\site-packages\\selenium\\webdriver\\remote\\webdriver.py\", line 347, in execute\n    self.error_handler.check_response(response)\n  File \"C:\\Users\\79612\\AppData\\Local\\Programs\\Python\\Python312\\Lib\\site-packages\\selenium\\webdriver\\remote\\errorhandler.py\", line 229, in check_response\n    raise exception_class(message, screen, stacktrace)\n"}, "steps": [{"name": "Кликаем на элемент применяя ожидание, чтобы элемент стал кликабельным ", "status": "broken", "statusDetails": {"message": "selenium.common.exceptions.ElementClickInterceptedException: Message: Element <a class=\"Account_link__2ETsJ text text_type_main-medium text_color_inactive\" href=\"/account/order-history\"> is not clickable at point (442,307) because another element <div class=\"Modal_modal_overlay__x2ZCr\"> obscures it\nStacktrace:\nRemoteError@chrome://remote/content/shared/RemoteError.sys.mjs:8:8\nWebDriverError@chrome://remote/content/shared/webdriver/Errors.sys.mjs:193:5\nElementClickInterceptedError@chrome://remote/content/shared/webdriver/Errors.sys.mjs:337:5\nwebdriverClickElement@chrome://remote/content/marionette/interaction.sys.mjs:176:11\ninteraction.clickElement@chrome://remote/content/marionette/interaction.sys.mjs:135:11\nclickElement@chrome://remote/content/marionette/actors/MarionetteCommandsChild.sys.mjs:204:29\nreceiveMessage@chrome://remote/content/marionette/actors/MarionetteCommandsChild.sys.mjs:84:31\n\n", "trace": "  File \"C:\\Users\\79612\\AppData\\Local\\Programs\\Python\\Python312\\Lib\\site-packages\\allure_commons\\_allure.py\", line 192, in impl\n    return func(*a, **kw)\n           ^^^^^^^^^^^^^^\n  File \"C:\\Users\\79612\\PycharmProjects\\Diplom\\Diplom_3\\pages\\base_page.py\", line 28, in click_to_element\n    self.driver.find_element(*locator).click()\n  File \"C:\\Users\\79612\\AppData\\Local\\Programs\\Python\\Python312\\Lib\\site-packages\\selenium\\webdriver\\remote\\webelement.py\", line 94, in click\n    self._execute(Command.CLICK_ELEMENT)\n  File \"C:\\Users\\79612\\AppData\\Local\\Programs\\Python\\Python312\\Lib\\site-packages\\selenium\\webdriver\\remote\\webelement.py\", line 395, in _execute\n    return self._parent.execute(command, params)\n           ^^^^^^^^^^^^^^^^^^^^^^^^^^^^^^^^^^^^^\n  File \"C:\\Users\\79612\\AppData\\Local\\Programs\\Python\\Python312\\Lib\\site-packages\\selenium\\webdriver\\remote\\webdriver.py\", line 347, in execute\n    self.error_handler.check_response(response)\n  File \"C:\\Users\\79612\\AppData\\Local\\Programs\\Python\\Python312\\Lib\\site-packages\\selenium\\webdriver\\remote\\errorhandler.py\", line 229, in check_response\n    raise exception_class(message, screen, stacktrace)\n"}, "parameters": [{"name": "locator", "value": "('xpath', \"// a[contains(text(), 'История заказов')]\")"}], "start": 1716229977843, "stop": 1716229977873}], "start": 1716229977843, "stop": 1716229977874}], "parameters": [{"name": "driver", "value": "'firefox'"}], "start": 1716229966975, "stop": 1716229977876, "uuid": "cdd1f58f-5b79-459d-905f-1cc822a4932e", "historyId": "9a9c48a50da140b5ce28bdf5db64159d", "testCaseId": "4babf29ff13ed864088a7c214ff3d74b", "fullName": "tests.test_order_page.TestOrderPage#test_users_history_in_orders_feed", "labels": [{"name": "parentSuite", "value": "tests"}, {"name": "suite", "value": "test_order_page"}, {"name": "subSuite", "value": "TestOrderPage"}, {"name": "host", "value": "LAPTOP-0Q6BABTN"}, {"name": "thread", "value": "26320-MainThread"}, {"name": "framework", "value": "pytest"}, {"name": "language", "value": "cpython3"}, {"name": "package", "value": "tests.test_order_page"}]}